[90m2024-01-05T17:07:51.550Z[39m [96mINFO[39m [97m@wdio/browserstack-service[39m Using app: bs://8259afec36fb9be7e5c799b5eb2bf2a5739f1174
[90m2024-01-05T17:07:51.552Z[39m [33mWARN[39m [97m@wdio/browserstack-service[39m Skipping buildIdentifier as buildName is not passed.
[90m2024-01-05T17:07:51.553Z[39m [32mDEBUG[39m [97m@wdio/browserstack-service[39m Sending launch start event
[90m2024-01-05T17:07:52.490Z[39m [32mDEBUG[39m [97m@wdio/browserstack-service[39m [Start_Build] Success response: {"build_hashed_id":"2f1zybp3yxwos1ec6dzbfpuq3v0impv9gul1uraf","jwt":"eyJhbGciOiJIUzI1NiJ9.eyJpc3MiOiJicm93c2Vyc3RhY2tfb2IiLCJzdWIiOiI3OTA5ODk0IiwiZ3JvdXBfaWQiOjc4MTc2NjcsInVzZXJfaWQiOjc5MDk4OTQsImJ1aWxkX2hhc2hlZF9pZCI6IjJmMXp5YnAzeXh3b3MxZWM2ZHpiZnB1cTN2MGltcHY5Z3VsMXVyYWYiLCJob29rX2FzX3Rlc3QiOiIxIiwiaWF0IjoxNzA0NDc0NDcyLCJleHAiOjE3MDQ4MjAwNzJ9.C4JHxRhwxVGs55nxVF4-_lFRtL7DUakJprl-mfXH6kA","allow_screenshots":true}
[90m2024-01-05T17:07:57.439Z[39m [96mINFO[39m [97m@wdio/browserstack-service[39m Browserstack Local successfully started after 4923.09969997406ms
[90m2024-01-05T17:08:27.906Z[39m [32mDEBUG[39m [97m@wdio/browserstack-service[39m Requesting Browserstack session URL at https://api-cloud.browserstack.com/app-automate/sessions/aeef8cd7ee6ce881adc4135ae06f060df43600e7.json
[90m2024-01-05T17:08:28.696Z[39m [96mINFO[39m [97m@wdio/browserstack-service[39m  session: https://app-automate.browserstack.com/builds/b60e1e5e778e4592606313743caad700d3ac044c/sessions/aeef8cd7ee6ce881adc4135ae06f060df43600e7
[90m2024-01-05T17:08:29.502Z[39m [96mINFO[39m [97m@wdio/browserstack-service[39m Update job with sessionId aeef8cd7ee6ce881adc4135ae06f060df43600e7
[90m2024-01-05T17:08:29.502Z[39m [32mDEBUG[39m [97m@wdio/browserstack-service[39m Updating Browserstack session at https://api-cloud.browserstack.com/app-automate/sessions/aeef8cd7ee6ce881adc4135ae06f060df43600e7.json with request body: 
[90m2024-01-05T17:08:30.252Z[39m [32mDEBUG[39m [97m@wdio/browserstack-service[39m Added data to request queue. Queue length = 1
[90m2024-01-05T17:08:30.416Z[39m [32mDEBUG[39m [97m@wdio/browserstack-service[39m Added data to request queue. Queue length = 2
[90m2024-01-05T17:08:30.613Z[39m [32mDEBUG[39m [97m@wdio/browserstack-service[39m Added data to request queue. Queue length = 3
[90m2024-01-05T17:08:30.861Z[39m [32mDEBUG[39m [97m@wdio/browserstack-service[39m Added data to request queue. Queue length = 4
[90m2024-01-05T17:08:31.102Z[39m [32mDEBUG[39m [97m@wdio/browserstack-service[39m Added data to request queue. Queue length = 5
[90m2024-01-05T17:08:31.727Z[39m [32mDEBUG[39m [97m@wdio/browserstack-service[39m Sending data from request queue. Data length = 5, Queue length after removal = 0
[90m2024-01-05T17:08:32.296Z[39m [32mDEBUG[39m [97m@wdio/browserstack-service[39m Added data to request queue. Queue length = 1
[90m2024-01-05T17:08:32.357Z[39m [32mDEBUG[39m [97m@wdio/browserstack-service[39m [INTERVAL_QUEUE] Success response: {"success":true}
[90m2024-01-05T17:08:32.549Z[39m [32mDEBUG[39m [97m@wdio/browserstack-service[39m Added data to request queue. Queue length = 2
[90m2024-01-05T17:08:33.200Z[39m [32mDEBUG[39m [97m@wdio/browserstack-service[39m Added data to request queue. Queue length = 3
[90m2024-01-05T17:08:33.437Z[39m [32mDEBUG[39m [97m@wdio/browserstack-service[39m Added data to request queue. Queue length = 4
[90m2024-01-05T17:08:33.732Z[39m [32mDEBUG[39m [97m@wdio/browserstack-service[39m Sending data from request queue. Data length = 4, Queue length after removal = 0
[90m2024-01-05T17:08:33.880Z[39m [32mDEBUG[39m [97m@wdio/browserstack-service[39m [INTERVAL_QUEUE] Success response: {"success":true}
[90m2024-01-05T17:08:34.157Z[39m [32mDEBUG[39m [97m@wdio/browserstack-service[39m Requesting Browserstack session URL at https://api-cloud.browserstack.com/app-automate/sessions/0794b6ace5943301e3cdada920e98e6788df904f.json
[90m2024-01-05T17:08:34.797Z[39m [32mDEBUG[39m [97m@wdio/browserstack-service[39m Added data to request queue. Queue length = 1
[90m2024-01-05T17:08:34.852Z[39m [96mINFO[39m [97m@wdio/browserstack-service[39m  session: https://app-automate.browserstack.com/builds/b60e1e5e778e4592606313743caad700d3ac044c/sessions/0794b6ace5943301e3cdada920e98e6788df904f
[90m2024-01-05T17:08:35.069Z[39m [32mDEBUG[39m [97m@wdio/browserstack-service[39m Added data to request queue. Queue length = 2
[90m2024-01-05T17:08:35.548Z[39m [32mDEBUG[39m [97m@wdio/browserstack-service[39m Added data to request queue. Queue length = 3
[90m2024-01-05T17:08:35.721Z[39m [96mINFO[39m [97m@wdio/browserstack-service[39m Update job with sessionId 0794b6ace5943301e3cdada920e98e6788df904f
[90m2024-01-05T17:08:35.721Z[39m [32mDEBUG[39m [97m@wdio/browserstack-service[39m Updating Browserstack session at https://api-cloud.browserstack.com/app-automate/sessions/0794b6ace5943301e3cdada920e98e6788df904f.json with request body: 
[90m2024-01-05T17:08:35.739Z[39m [32mDEBUG[39m [97m@wdio/browserstack-service[39m Sending data from request queue. Data length = 3, Queue length after removal = 0
[90m2024-01-05T17:08:35.885Z[39m [32mDEBUG[39m [97m@wdio/browserstack-service[39m [INTERVAL_QUEUE] Success response: {"success":true}
[90m2024-01-05T17:08:36.059Z[39m [32mDEBUG[39m [97m@wdio/browserstack-service[39m Added data to request queue. Queue length = 1
[90m2024-01-05T17:08:36.474Z[39m [32mDEBUG[39m [97m@wdio/browserstack-service[39m Added data to request queue. Queue length = 1
[90m2024-01-05T17:08:36.538Z[39m [32mDEBUG[39m [97m@wdio/browserstack-service[39m Added data to request queue. Queue length = 2
[90m2024-01-05T17:08:36.631Z[39m [32mDEBUG[39m [97m@wdio/browserstack-service[39m Added data to request queue. Queue length = 2
[90m2024-01-05T17:08:36.782Z[39m [32mDEBUG[39m [97m@wdio/browserstack-service[39m Added data to request queue. Queue length = 3
[90m2024-01-05T17:08:37.021Z[39m [32mDEBUG[39m [97m@wdio/browserstack-service[39m Added data to request queue. Queue length = 4
[90m2024-01-05T17:08:37.056Z[39m [32mDEBUG[39m [97m@wdio/browserstack-service[39m Added data to request queue. Queue length = 3
[90m2024-01-05T17:08:37.297Z[39m [32mDEBUG[39m [97m@wdio/browserstack-service[39m Added data to request queue. Queue length = 5
[90m2024-01-05T17:08:37.523Z[39m [32mDEBUG[39m [97m@wdio/browserstack-service[39m Added data to request queue. Queue length = 4
[90m2024-01-05T17:08:37.754Z[39m [32mDEBUG[39m [97m@wdio/browserstack-service[39m Sending data from request queue. Data length = 4, Queue length after removal = 0
[90m2024-01-05T17:08:37.901Z[39m [32mDEBUG[39m [97m@wdio/browserstack-service[39m [INTERVAL_QUEUE] Success response: {"success":true}
[90m2024-01-05T17:08:37.923Z[39m [32mDEBUG[39m [97m@wdio/browserstack-service[39m Sending data from request queue. Data length = 5, Queue length after removal = 0
[90m2024-01-05T17:08:38.047Z[39m [32mDEBUG[39m [97m@wdio/browserstack-service[39m Added data to request queue. Queue length = 1
[90m2024-01-05T17:08:38.313Z[39m [32mDEBUG[39m [97m@wdio/browserstack-service[39m Added data to request queue. Queue length = 1
[90m2024-01-05T17:08:38.517Z[39m [32mDEBUG[39m [97m@wdio/browserstack-service[39m [INTERVAL_QUEUE] Success response: {"success":true}
[90m2024-01-05T17:08:38.553Z[39m [32mDEBUG[39m [97m@wdio/browserstack-service[39m Added data to request queue. Queue length = 2
[90m2024-01-05T17:08:38.560Z[39m [32mDEBUG[39m [97m@wdio/browserstack-service[39m Added data to request queue. Queue length = 2
[90m2024-01-05T17:08:39.049Z[39m [32mDEBUG[39m [97m@wdio/browserstack-service[39m Added data to request queue. Queue length = 3
[90m2024-01-05T17:08:39.536Z[39m [32mDEBUG[39m [97m@wdio/browserstack-service[39m Added data to request queue. Queue length = 4
[90m2024-01-05T17:08:39.630Z[39m [32mDEBUG[39m [97m@wdio/browserstack-service[39m Added data to request queue. Queue length = 3
[90m2024-01-05T17:08:39.754Z[39m [32mDEBUG[39m [97m@wdio/browserstack-service[39m Sending data from request queue. Data length = 4, Queue length after removal = 0
[90m2024-01-05T17:08:39.885Z[39m [32mDEBUG[39m [97m@wdio/browserstack-service[39m Added data to request queue. Queue length = 4
[90m2024-01-05T17:08:39.898Z[39m [32mDEBUG[39m [97m@wdio/browserstack-service[39m [INTERVAL_QUEUE] Success response: {"success":true}
[90m2024-01-05T17:08:39.925Z[39m [32mDEBUG[39m [97m@wdio/browserstack-service[39m Sending data from request queue. Data length = 4, Queue length after removal = 0
[90m2024-01-05T17:08:40.074Z[39m [32mDEBUG[39m [97m@wdio/browserstack-service[39m Added data to request queue. Queue length = 1
[90m2024-01-05T17:08:40.078Z[39m [32mDEBUG[39m [97m@wdio/browserstack-service[39m [INTERVAL_QUEUE] Success response: {"success":true}
[90m2024-01-05T17:08:40.552Z[39m [32mDEBUG[39m [97m@wdio/browserstack-service[39m Added data to request queue. Queue length = 2
[90m2024-01-05T17:08:41.048Z[39m [32mDEBUG[39m [97m@wdio/browserstack-service[39m Added data to request queue. Queue length = 3
[90m2024-01-05T17:08:41.663Z[39m [32mDEBUG[39m [97m@wdio/browserstack-service[39m Added data to request queue. Queue length = 4
[90m2024-01-05T17:08:41.756Z[39m [32mDEBUG[39m [97m@wdio/browserstack-service[39m Sending data from request queue. Data length = 4, Queue length after removal = 0
[90m2024-01-05T17:08:41.831Z[39m [32mDEBUG[39m [97m@wdio/browserstack-service[39m Added data to request queue. Queue length = 1
[90m2024-01-05T17:08:41.900Z[39m [32mDEBUG[39m [97m@wdio/browserstack-service[39m [INTERVAL_QUEUE] Success response: {"success":true}
[90m2024-01-05T17:08:41.926Z[39m [32mDEBUG[39m [97m@wdio/browserstack-service[39m Sending data from request queue. Data length = 1, Queue length after removal = 0
[90m2024-01-05T17:08:42.058Z[39m [32mDEBUG[39m [97m@wdio/browserstack-service[39m Added data to request queue. Queue length = 1
[90m2024-01-05T17:08:42.080Z[39m [32mDEBUG[39m [97m@wdio/browserstack-service[39m Added data to request queue. Queue length = 1
[90m2024-01-05T17:08:42.086Z[39m [32mDEBUG[39m [97m@wdio/browserstack-service[39m [INTERVAL_QUEUE] Success response: {"success":true}
[90m2024-01-05T17:08:42.592Z[39m [32mDEBUG[39m [97m@wdio/browserstack-service[39m Added data to request queue. Queue length = 2
[90m2024-01-05T17:08:43.030Z[39m [32mDEBUG[39m [97m@wdio/browserstack-service[39m Added data to request queue. Queue length = 3
[90m2024-01-05T17:08:43.532Z[39m [32mDEBUG[39m [97m@wdio/browserstack-service[39m Added data to request queue. Queue length = 4
[90m2024-01-05T17:08:43.759Z[39m [32mDEBUG[39m [97m@wdio/browserstack-service[39m Sending data from request queue. Data length = 4, Queue length after removal = 0
[90m2024-01-05T17:08:43.904Z[39m [32mDEBUG[39m [97m@wdio/browserstack-service[39m [INTERVAL_QUEUE] Success response: {"success":true}
[90m2024-01-05T17:08:43.932Z[39m [32mDEBUG[39m [97m@wdio/browserstack-service[39m Sending data from request queue. Data length = 1, Queue length after removal = 0
[90m2024-01-05T17:08:44.051Z[39m [32mDEBUG[39m [97m@wdio/browserstack-service[39m Added data to request queue. Queue length = 1
[90m2024-01-05T17:08:44.085Z[39m [32mDEBUG[39m [97m@wdio/browserstack-service[39m [INTERVAL_QUEUE] Success response: {"success":true}
[90m2024-01-05T17:08:44.238Z[39m [32mDEBUG[39m [97m@wdio/browserstack-service[39m Added data to request queue. Queue length = 1
[90m2024-01-05T17:08:44.534Z[39m [32mDEBUG[39m [97m@wdio/browserstack-service[39m Added data to request queue. Queue length = 2
[90m2024-01-05T17:08:44.756Z[39m [32mDEBUG[39m [97m@wdio/browserstack-service[39m Added data to request queue. Queue length = 2
[90m2024-01-05T17:08:45.061Z[39m [32mDEBUG[39m [97m@wdio/browserstack-service[39m Added data to request queue. Queue length = 3
[90m2024-01-05T17:08:45.396Z[39m [32mDEBUG[39m [97m@wdio/browserstack-service[39m Added data to request queue. Queue length = 3
[90m2024-01-05T17:08:45.399Z[39m [32mDEBUG[39m [97m@wdio/browserstack-service[39m Added data to request queue. Queue length = 4
[90m2024-01-05T17:08:45.563Z[39m [32mDEBUG[39m [97m@wdio/browserstack-service[39m Added data to request queue. Queue length = 5
[90m2024-01-05T17:08:45.715Z[39m [32mDEBUG[39m [97m@wdio/browserstack-service[39m Added data to request queue. Queue length = 6
[90m2024-01-05T17:08:45.771Z[39m [32mDEBUG[39m [97m@wdio/browserstack-service[39m Sending data from request queue. Data length = 6, Queue length after removal = 0
[90m2024-01-05T17:08:45.923Z[39m [32mDEBUG[39m [97m@wdio/browserstack-service[39m [INTERVAL_QUEUE] Success response: {"success":true}
[90m2024-01-05T17:08:45.927Z[39m [32mDEBUG[39m [97m@wdio/browserstack-service[39m Added data to request queue. Queue length = 1
[90m2024-01-05T17:08:45.935Z[39m [32mDEBUG[39m [97m@wdio/browserstack-service[39m Sending data from request queue. Data length = 3, Queue length after removal = 0
[90m2024-01-05T17:08:46.083Z[39m [32mDEBUG[39m [97m@wdio/browserstack-service[39m [INTERVAL_QUEUE] Success response: {"success":true}
[90m2024-01-05T17:08:46.165Z[39m [32mDEBUG[39m [97m@wdio/browserstack-service[39m Added data to request queue. Queue length = 2
[90m2024-01-05T17:08:46.658Z[39m [32mDEBUG[39m [97m@wdio/browserstack-service[39m Added data to request queue. Queue length = 3
[90m2024-01-05T17:08:47.156Z[39m [32mDEBUG[39m [97m@wdio/browserstack-service[39m Added data to request queue. Queue length = 4
[90m2024-01-05T17:08:47.211Z[39m [32mDEBUG[39m [97m@wdio/browserstack-service[39m Added data to request queue. Queue length = 1
[90m2024-01-05T17:08:47.639Z[39m [32mDEBUG[39m [97m@wdio/browserstack-service[39m Added data to request queue. Queue length = 2
[90m2024-01-05T17:08:47.653Z[39m [32mDEBUG[39m [97m@wdio/browserstack-service[39m Added data to request queue. Queue length = 5
[90m2024-01-05T17:08:47.774Z[39m [32mDEBUG[39m [97m@wdio/browserstack-service[39m Sending data from request queue. Data length = 5, Queue length after removal = 0
[90m2024-01-05T17:08:47.919Z[39m [32mDEBUG[39m [97m@wdio/browserstack-service[39m [INTERVAL_QUEUE] Success response: {"success":true}
[90m2024-01-05T17:08:47.929Z[39m [32mDEBUG[39m [97m@wdio/browserstack-service[39m Added data to request queue. Queue length = 3
[90m2024-01-05T17:08:47.945Z[39m [32mDEBUG[39m [97m@wdio/browserstack-service[39m Sending data from request queue. Data length = 3, Queue length after removal = 0
[90m2024-01-05T17:08:48.094Z[39m [32mDEBUG[39m [97m@wdio/browserstack-service[39m [INTERVAL_QUEUE] Success response: {"success":true}
[90m2024-01-05T17:08:48.145Z[39m [32mDEBUG[39m [97m@wdio/browserstack-service[39m Added data to request queue. Queue length = 1
[90m2024-01-05T17:08:48.651Z[39m [32mDEBUG[39m [97m@wdio/browserstack-service[39m Added data to request queue. Queue length = 2
[90m2024-01-05T17:08:49.149Z[39m [32mDEBUG[39m [97m@wdio/browserstack-service[39m Added data to request queue. Queue length = 3
[90m2024-01-05T17:08:49.685Z[39m [32mDEBUG[39m [97m@wdio/browserstack-service[39m Added data to request queue. Queue length = 4
[90m2024-01-05T17:08:49.776Z[39m [32mDEBUG[39m [97m@wdio/browserstack-service[39m Sending data from request queue. Data length = 4, Queue length after removal = 0
[90m2024-01-05T17:08:49.920Z[39m [32mDEBUG[39m [97m@wdio/browserstack-service[39m [INTERVAL_QUEUE] Success response: {"success":true}
[90m2024-01-05T17:08:50.082Z[39m [32mDEBUG[39m [97m@wdio/browserstack-service[39m Added data to request queue. Queue length = 1
[90m2024-01-05T17:08:50.141Z[39m [32mDEBUG[39m [97m@wdio/browserstack-service[39m Added data to request queue. Queue length = 1
[90m2024-01-05T17:08:50.342Z[39m [32mDEBUG[39m [97m@wdio/browserstack-service[39m Added data to request queue. Queue length = 2
[90m2024-01-05T17:08:50.678Z[39m [32mDEBUG[39m [97m@wdio/browserstack-service[39m Added data to request queue. Queue length = 3
[90m2024-01-05T17:08:51.286Z[39m [32mDEBUG[39m [97m@wdio/browserstack-service[39m Added data to request queue. Queue length = 2
[90m2024-01-05T17:08:51.509Z[39m [32mDEBUG[39m [97m@wdio/browserstack-service[39m Added data to request queue. Queue length = 3
[90m2024-01-05T17:08:51.641Z[39m [32mDEBUG[39m [97m@wdio/browserstack-service[39m Added data to request queue. Queue length = 4
[90m2024-01-05T17:08:51.730Z[39m [32mDEBUG[39m [97m@wdio/browserstack-service[39m Added data to request queue. Queue length = 4
[90m2024-01-05T17:08:51.789Z[39m [32mDEBUG[39m [97m@wdio/browserstack-service[39m Sending data from request queue. Data length = 4, Queue length after removal = 0
[90m2024-01-05T17:08:51.935Z[39m [32mDEBUG[39m [97m@wdio/browserstack-service[39m [INTERVAL_QUEUE] Success response: {"success":true}
[90m2024-01-05T17:08:51.960Z[39m [32mDEBUG[39m [97m@wdio/browserstack-service[39m Sending data from request queue. Data length = 4, Queue length after removal = 0
[90m2024-01-05T17:08:52.108Z[39m [32mDEBUG[39m [97m@wdio/browserstack-service[39m [INTERVAL_QUEUE] Success response: {"success":true}
[90m2024-01-05T17:08:52.139Z[39m [32mDEBUG[39m [97m@wdio/browserstack-service[39m Added data to request queue. Queue length = 1
[90m2024-01-05T17:08:52.683Z[39m [32mDEBUG[39m [97m@wdio/browserstack-service[39m Added data to request queue. Queue length = 2
[90m2024-01-05T17:08:53.141Z[39m [32mDEBUG[39m [97m@wdio/browserstack-service[39m Added data to request queue. Queue length = 3
[90m2024-01-05T17:08:53.796Z[39m [32mDEBUG[39m [97m@wdio/browserstack-service[39m Sending data from request queue. Data length = 3, Queue length after removal = 0
[90m2024-01-05T17:08:53.800Z[39m [32mDEBUG[39m [97m@wdio/browserstack-service[39m Added data to request queue. Queue length = 1
[90m2024-01-05T17:08:53.944Z[39m [32mDEBUG[39m [97m@wdio/browserstack-service[39m [INTERVAL_QUEUE] Success response: {"success":true}
[90m2024-01-05T17:08:54.135Z[39m [32mDEBUG[39m [97m@wdio/browserstack-service[39m Added data to request queue. Queue length = 2
[90m2024-01-05T17:08:54.650Z[39m [32mDEBUG[39m [97m@wdio/browserstack-service[39m Added data to request queue. Queue length = 3
[90m2024-01-05T17:08:55.153Z[39m [32mDEBUG[39m [97m@wdio/browserstack-service[39m Added data to request queue. Queue length = 4
[90m2024-01-05T17:08:55.645Z[39m [32mDEBUG[39m [97m@wdio/browserstack-service[39m Added data to request queue. Queue length = 5
[90m2024-01-05T17:08:55.801Z[39m [32mDEBUG[39m [97m@wdio/browserstack-service[39m Sending data from request queue. Data length = 5, Queue length after removal = 0
[90m2024-01-05T17:08:55.956Z[39m [32mDEBUG[39m [97m@wdio/browserstack-service[39m Added data to request queue. Queue length = 1
[90m2024-01-05T17:08:55.961Z[39m [96mINFO[39m [97m@wdio/browserstack-service[39m Update job with sessionId aeef8cd7ee6ce881adc4135ae06f060df43600e7
[90m2024-01-05T17:08:55.961Z[39m [32mDEBUG[39m [97m@wdio/browserstack-service[39m Updating Browserstack session at https://api-cloud.browserstack.com/app-automate/sessions/aeef8cd7ee6ce881adc4135ae06f060df43600e7.json with request body: 
[90m2024-01-05T17:08:55.975Z[39m [32mDEBUG[39m [97m@wdio/browserstack-service[39m [INTERVAL_QUEUE] Success response: {"success":true}
[90m2024-01-05T17:08:56.567Z[39m [32mDEBUG[39m [97m@wdio/browserstack-service[39m Shutting down request queue
[90m2024-01-05T17:08:56.712Z[39m [32mDEBUG[39m [97m@wdio/browserstack-service[39m [SHUTDOWN_QUEUE] Success response: {"success":true}
[90m2024-01-05T17:08:56.797Z[39m [32mDEBUG[39m [97m@wdio/browserstack-service[39m Added data to request queue. Queue length = 1
[90m2024-01-05T17:08:57.079Z[39m [32mDEBUG[39m [97m@wdio/browserstack-service[39m Added data to request queue. Queue length = 2
[90m2024-01-05T17:08:57.345Z[39m [32mDEBUG[39m [97m@wdio/browserstack-service[39m Added data to request queue. Queue length = 1
[90m2024-01-05T17:08:57.345Z[39m [32mDEBUG[39m [97m@wdio/browserstack-service[39m Force request-queue shutdown, as test run event is received after teardown
[90m2024-01-05T17:08:57.345Z[39m [32mDEBUG[39m [97m@wdio/browserstack-service[39m Resetting request queue
[90m2024-01-05T17:08:57.345Z[39m [32mDEBUG[39m [97m@wdio/browserstack-service[39m Sending data from request queue. Data length = 1, Queue length after removal = 0
[90m2024-01-05T17:08:57.459Z[39m [32mDEBUG[39m [97m@wdio/browserstack-service[39m Added data to request queue. Queue length = 3
[90m2024-01-05T17:08:57.995Z[39m [32mDEBUG[39m [97m@wdio/browserstack-service[39m Sending data from request queue. Data length = 3, Queue length after removal = 0
[90m2024-01-05T17:08:58.145Z[39m [32mDEBUG[39m [97m@wdio/browserstack-service[39m [INTERVAL_QUEUE] Success response: {"success":true}
[90m2024-01-05T17:09:02.849Z[39m [32mDEBUG[39m [97m@wdio/browserstack-service[39m Added data to request queue. Queue length = 1
[90m2024-01-05T17:09:03.373Z[39m [32mDEBUG[39m [97m@wdio/browserstack-service[39m Added data to request queue. Queue length = 2
[90m2024-01-05T17:09:04.023Z[39m [32mDEBUG[39m [97m@wdio/browserstack-service[39m Sending data from request queue. Data length = 2, Queue length after removal = 0
[90m2024-01-05T17:09:04.171Z[39m [32mDEBUG[39m [97m@wdio/browserstack-service[39m [INTERVAL_QUEUE] Success response: {"success":true}
[90m2024-01-05T17:09:04.255Z[39m [32mDEBUG[39m [97m@wdio/browserstack-service[39m Added data to request queue. Queue length = 1
[90m2024-01-05T17:09:05.192Z[39m [32mDEBUG[39m [97m@wdio/browserstack-service[39m Added data to request queue. Queue length = 2
[90m2024-01-05T17:09:06.029Z[39m [32mDEBUG[39m [97m@wdio/browserstack-service[39m Sending data from request queue. Data length = 2, Queue length after removal = 0
[90m2024-01-05T17:09:06.177Z[39m [32mDEBUG[39m [97m@wdio/browserstack-service[39m [INTERVAL_QUEUE] Success response: {"success":true}
[90m2024-01-05T17:09:06.358Z[39m [32mDEBUG[39m [97m@wdio/browserstack-service[39m Added data to request queue. Queue length = 1
[90m2024-01-05T17:09:07.402Z[39m [32mDEBUG[39m [97m@wdio/browserstack-service[39m Added data to request queue. Queue length = 2
[90m2024-01-05T17:09:08.042Z[39m [32mDEBUG[39m [97m@wdio/browserstack-service[39m Sending data from request queue. Data length = 2, Queue length after removal = 0
[90m2024-01-05T17:09:08.192Z[39m [32mDEBUG[39m [97m@wdio/browserstack-service[39m [INTERVAL_QUEUE] Success response: {"success":true}
[90m2024-01-05T17:09:08.236Z[39m [32mDEBUG[39m [97m@wdio/browserstack-service[39m Added data to request queue. Queue length = 1
[90m2024-01-05T17:09:09.408Z[39m [32mDEBUG[39m [97m@wdio/browserstack-service[39m Added data to request queue. Queue length = 2
[90m2024-01-05T17:09:10.048Z[39m [32mDEBUG[39m [97m@wdio/browserstack-service[39m Sending data from request queue. Data length = 2, Queue length after removal = 0
[90m2024-01-05T17:09:10.242Z[39m [32mDEBUG[39m [97m@wdio/browserstack-service[39m [INTERVAL_QUEUE] Success response: {"success":true}
[90m2024-01-05T17:09:10.397Z[39m [32mDEBUG[39m [97m@wdio/browserstack-service[39m Added data to request queue. Queue length = 1
[90m2024-01-05T17:09:11.381Z[39m [32mDEBUG[39m [97m@wdio/browserstack-service[39m Added data to request queue. Queue length = 2
[90m2024-01-05T17:09:12.051Z[39m [32mDEBUG[39m [97m@wdio/browserstack-service[39m Sending data from request queue. Data length = 2, Queue length after removal = 0
[90m2024-01-05T17:09:12.199Z[39m [32mDEBUG[39m [97m@wdio/browserstack-service[39m [INTERVAL_QUEUE] Success response: {"success":true}
[90m2024-01-05T17:09:12.381Z[39m [32mDEBUG[39m [97m@wdio/browserstack-service[39m Added data to request queue. Queue length = 1
[90m2024-01-05T17:09:13.049Z[39m [32mDEBUG[39m [97m@wdio/browserstack-service[39m Added data to request queue. Queue length = 2
[90m2024-01-05T17:09:13.531Z[39m [32mDEBUG[39m [97m@wdio/browserstack-service[39m Added data to request queue. Queue length = 3
[90m2024-01-05T17:09:14.057Z[39m [32mDEBUG[39m [97m@wdio/browserstack-service[39m Sending data from request queue. Data length = 3, Queue length after removal = 0
[90m2024-01-05T17:09:14.206Z[39m [32mDEBUG[39m [97m@wdio/browserstack-service[39m [INTERVAL_QUEUE] Success response: {"success":true}
[90m2024-01-05T17:09:14.261Z[39m [32mDEBUG[39m [97m@wdio/browserstack-service[39m Added data to request queue. Queue length = 1
[90m2024-01-05T17:09:14.624Z[39m [32mDEBUG[39m [97m@wdio/browserstack-service[39m Added data to request queue. Queue length = 2
[90m2024-01-05T17:09:14.861Z[39m [32mDEBUG[39m [97m@wdio/browserstack-service[39m Added data to request queue. Queue length = 3
[90m2024-01-05T17:09:16.069Z[39m [32mDEBUG[39m [97m@wdio/browserstack-service[39m Sending data from request queue. Data length = 3, Queue length after removal = 0
[90m2024-01-05T17:09:16.219Z[39m [32mDEBUG[39m [97m@wdio/browserstack-service[39m [INTERVAL_QUEUE] Success response: {"success":true}
[90m2024-01-05T17:09:17.026Z[39m [32mDEBUG[39m [97m@wdio/browserstack-service[39m Added data to request queue. Queue length = 1
[90m2024-01-05T17:09:17.546Z[39m [32mDEBUG[39m [97m@wdio/browserstack-service[39m Added data to request queue. Queue length = 2
[90m2024-01-05T17:09:18.039Z[39m [32mDEBUG[39m [97m@wdio/browserstack-service[39m Added data to request queue. Queue length = 3
[90m2024-01-05T17:09:18.076Z[39m [32mDEBUG[39m [97m@wdio/browserstack-service[39m Sending data from request queue. Data length = 3, Queue length after removal = 0
[90m2024-01-05T17:09:18.225Z[39m [32mDEBUG[39m [97m@wdio/browserstack-service[39m [INTERVAL_QUEUE] Success response: {"success":true}
[90m2024-01-05T17:09:18.573Z[39m [32mDEBUG[39m [97m@wdio/browserstack-service[39m Added data to request queue. Queue length = 1
[90m2024-01-05T17:09:19.115Z[39m [32mDEBUG[39m [97m@wdio/browserstack-service[39m Added data to request queue. Queue length = 2
[90m2024-01-05T17:09:19.627Z[39m [32mDEBUG[39m [97m@wdio/browserstack-service[39m Added data to request queue. Queue length = 3
[90m2024-01-05T17:09:20.082Z[39m [32mDEBUG[39m [97m@wdio/browserstack-service[39m Sending data from request queue. Data length = 3, Queue length after removal = 0
[90m2024-01-05T17:09:20.320Z[39m [32mDEBUG[39m [97m@wdio/browserstack-service[39m Added data to request queue. Queue length = 1
[90m2024-01-05T17:09:20.324Z[39m [32mDEBUG[39m [97m@wdio/browserstack-service[39m [INTERVAL_QUEUE] Success response: {"success":true}
[90m2024-01-05T17:09:20.818Z[39m [32mDEBUG[39m [97m@wdio/browserstack-service[39m Added data to request queue. Queue length = 2
[90m2024-01-05T17:09:21.372Z[39m [32mDEBUG[39m [97m@wdio/browserstack-service[39m Added data to request queue. Queue length = 3
[90m2024-01-05T17:09:21.803Z[39m [32mDEBUG[39m [97m@wdio/browserstack-service[39m Added data to request queue. Queue length = 4
[90m2024-01-05T17:09:22.093Z[39m [32mDEBUG[39m [97m@wdio/browserstack-service[39m Sending data from request queue. Data length = 4, Queue length after removal = 0
[90m2024-01-05T17:09:22.372Z[39m [32mDEBUG[39m [97m@wdio/browserstack-service[39m [INTERVAL_QUEUE] Success response: {"success":true}
[90m2024-01-05T17:09:22.374Z[39m [32mDEBUG[39m [97m@wdio/browserstack-service[39m Added data to request queue. Queue length = 1
[90m2024-01-05T17:09:22.763Z[39m [32mDEBUG[39m [97m@wdio/browserstack-service[39m Added data to request queue. Queue length = 2
[90m2024-01-05T17:09:23.199Z[39m [32mDEBUG[39m [97m@wdio/browserstack-service[39m Added data to request queue. Queue length = 3
[90m2024-01-05T17:09:23.693Z[39m [32mDEBUG[39m [97m@wdio/browserstack-service[39m Added data to request queue. Queue length = 4
[90m2024-01-05T17:09:24.094Z[39m [32mDEBUG[39m [97m@wdio/browserstack-service[39m Sending data from request queue. Data length = 4, Queue length after removal = 0
[90m2024-01-05T17:09:24.099Z[39m [32mDEBUG[39m [97m@wdio/browserstack-service[39m Added data to request queue. Queue length = 1
[90m2024-01-05T17:09:24.243Z[39m [32mDEBUG[39m [97m@wdio/browserstack-service[39m [INTERVAL_QUEUE] Success response: {"success":true}
[90m2024-01-05T17:09:24.852Z[39m [32mDEBUG[39m [97m@wdio/browserstack-service[39m Added data to request queue. Queue length = 2
[90m2024-01-05T17:09:25.534Z[39m [32mDEBUG[39m [97m@wdio/browserstack-service[39m Added data to request queue. Queue length = 3
[90m2024-01-05T17:09:25.935Z[39m [32mDEBUG[39m [97m@wdio/browserstack-service[39m Added data to request queue. Queue length = 4
[90m2024-01-05T17:09:26.105Z[39m [32mDEBUG[39m [97m@wdio/browserstack-service[39m Sending data from request queue. Data length = 4, Queue length after removal = 0
[90m2024-01-05T17:09:26.253Z[39m [32mDEBUG[39m [97m@wdio/browserstack-service[39m [INTERVAL_QUEUE] Success response: {"success":true}
[90m2024-01-05T17:09:26.480Z[39m [32mDEBUG[39m [97m@wdio/browserstack-service[39m Added data to request queue. Queue length = 1
[90m2024-01-05T17:09:26.999Z[39m [32mDEBUG[39m [97m@wdio/browserstack-service[39m Added data to request queue. Queue length = 2
[90m2024-01-05T17:09:27.599Z[39m [32mDEBUG[39m [97m@wdio/browserstack-service[39m Added data to request queue. Queue length = 3
[90m2024-01-05T17:09:27.603Z[39m [32mDEBUG[39m [97m@wdio/browserstack-service[39m Added data to request queue. Queue length = 4
[90m2024-01-05T17:09:27.948Z[39m [32mDEBUG[39m [97m@wdio/browserstack-service[39m Requesting Browserstack session URL at https://api-cloud.browserstack.com/app-automate/sessions/42165703c722b949b21c1ffab699a6d3088acd04.json
[90m2024-01-05T17:09:28.108Z[39m [32mDEBUG[39m [97m@wdio/browserstack-service[39m Sending data from request queue. Data length = 4, Queue length after removal = 0
[90m2024-01-05T17:09:28.198Z[39m [32mDEBUG[39m [97m@wdio/browserstack-service[39m Added data to request queue. Queue length = 1
[90m2024-01-05T17:09:28.237Z[39m [32mDEBUG[39m [97m@wdio/browserstack-service[39m Added data to request queue. Queue length = 2
[90m2024-01-05T17:09:28.258Z[39m [32mDEBUG[39m [97m@wdio/browserstack-service[39m [INTERVAL_QUEUE] Success response: {"success":true}
[90m2024-01-05T17:09:28.406Z[39m [32mDEBUG[39m [97m@wdio/browserstack-service[39m Added data to request queue. Queue length = 3
[90m2024-01-05T17:09:28.593Z[39m [96mINFO[39m [97m@wdio/browserstack-service[39m  session: https://app-automate.browserstack.com/builds/b60e1e5e778e4592606313743caad700d3ac044c/sessions/42165703c722b949b21c1ffab699a6d3088acd04
[90m2024-01-05T17:09:28.811Z[39m [32mDEBUG[39m [97m@wdio/browserstack-service[39m Added data to request queue. Queue length = 4
[90m2024-01-05T17:09:29.371Z[39m [32mDEBUG[39m [97m@wdio/browserstack-service[39m Added data to request queue. Queue length = 5
[90m2024-01-05T17:09:29.559Z[39m [96mINFO[39m [97m@wdio/browserstack-service[39m Update job with sessionId 42165703c722b949b21c1ffab699a6d3088acd04
[90m2024-01-05T17:09:29.560Z[39m [32mDEBUG[39m [97m@wdio/browserstack-service[39m Updating Browserstack session at https://api-cloud.browserstack.com/app-automate/sessions/42165703c722b949b21c1ffab699a6d3088acd04.json with request body: 
[90m2024-01-05T17:09:29.688Z[39m [32mDEBUG[39m [97m@wdio/browserstack-service[39m Added data to request queue. Queue length = 6
[90m2024-01-05T17:09:30.110Z[39m [32mDEBUG[39m [97m@wdio/browserstack-service[39m Sending data from request queue. Data length = 6, Queue length after removal = 0
[90m2024-01-05T17:09:30.226Z[39m [32mDEBUG[39m [97m@wdio/browserstack-service[39m Added data to request queue. Queue length = 1
[90m2024-01-05T17:09:30.258Z[39m [32mDEBUG[39m [97m@wdio/browserstack-service[39m [INTERVAL_QUEUE] Success response: {"success":true}
[90m2024-01-05T17:09:30.388Z[39m [32mDEBUG[39m [97m@wdio/browserstack-service[39m Added data to request queue. Queue length = 1
[90m2024-01-05T17:09:30.540Z[39m [32mDEBUG[39m [97m@wdio/browserstack-service[39m Added data to request queue. Queue length = 2
[90m2024-01-05T17:09:30.696Z[39m [32mDEBUG[39m [97m@wdio/browserstack-service[39m Added data to request queue. Queue length = 3
[90m2024-01-05T17:09:30.785Z[39m [32mDEBUG[39m [97m@wdio/browserstack-service[39m Added data to request queue. Queue length = 2
[90m2024-01-05T17:09:31.211Z[39m [32mDEBUG[39m [97m@wdio/browserstack-service[39m Added data to request queue. Queue length = 3
[90m2024-01-05T17:09:31.213Z[39m [32mDEBUG[39m [97m@wdio/browserstack-service[39m Added data to request queue. Queue length = 4
[90m2024-01-05T17:09:31.671Z[39m [32mDEBUG[39m [97m@wdio/browserstack-service[39m Added data to request queue. Queue length = 5
[90m2024-01-05T17:09:31.777Z[39m [32mDEBUG[39m [97m@wdio/browserstack-service[39m Sending data from request queue. Data length = 5, Queue length after removal = 0
[90m2024-01-05T17:09:31.992Z[39m [32mDEBUG[39m [97m@wdio/browserstack-service[39m Added data to request queue. Queue length = 4
[90m2024-01-05T17:09:32.118Z[39m [32mDEBUG[39m [97m@wdio/browserstack-service[39m Sending data from request queue. Data length = 4, Queue length after removal = 0
[90m2024-01-05T17:09:32.272Z[39m [32mDEBUG[39m [97m@wdio/browserstack-service[39m [INTERVAL_QUEUE] Success response: {"success":true}
[90m2024-01-05T17:09:32.372Z[39m [32mDEBUG[39m [97m@wdio/browserstack-service[39m Added data to request queue. Queue length = 1
[90m2024-01-05T17:09:32.725Z[39m [32mDEBUG[39m [97m@wdio/browserstack-service[39m [INTERVAL_QUEUE] Success response: {"success":true}
[90m2024-01-05T17:09:32.791Z[39m [32mDEBUG[39m [97m@wdio/browserstack-service[39m Added data to request queue. Queue length = 1
[90m2024-01-05T17:09:32.816Z[39m [32mDEBUG[39m [97m@wdio/browserstack-service[39m Added data to request queue. Queue length = 2
[90m2024-01-05T17:09:33.185Z[39m [32mDEBUG[39m [97m@wdio/browserstack-service[39m Added data to request queue. Queue length = 2
[90m2024-01-05T17:09:33.227Z[39m [32mDEBUG[39m [97m@wdio/browserstack-service[39m Added data to request queue. Queue length = 3
[90m2024-01-05T17:09:33.792Z[39m [32mDEBUG[39m [97m@wdio/browserstack-service[39m Sending data from request queue. Data length = 2, Queue length after removal = 0
[90m2024-01-05T17:09:33.794Z[39m [32mDEBUG[39m [97m@wdio/browserstack-service[39m Added data to request queue. Queue length = 4
[90m2024-01-05T17:09:33.917Z[39m [32mDEBUG[39m [97m@wdio/browserstack-service[39m Added data to request queue. Queue length = 1
[90m2024-01-05T17:09:33.939Z[39m [32mDEBUG[39m [97m@wdio/browserstack-service[39m [INTERVAL_QUEUE] Success response: {"success":true}
[90m2024-01-05T17:09:34.133Z[39m [32mDEBUG[39m [97m@wdio/browserstack-service[39m Sending data from request queue. Data length = 4, Queue length after removal = 0
[90m2024-01-05T17:09:34.280Z[39m [32mDEBUG[39m [97m@wdio/browserstack-service[39m Added data to request queue. Queue length = 1
[90m2024-01-05T17:09:34.293Z[39m [32mDEBUG[39m [97m@wdio/browserstack-service[39m [INTERVAL_QUEUE] Success response: {"success":true}
[90m2024-01-05T17:09:34.301Z[39m [32mDEBUG[39m [97m@wdio/browserstack-service[39m Added data to request queue. Queue length = 2
[90m2024-01-05T17:09:35.283Z[39m [32mDEBUG[39m [97m@wdio/browserstack-service[39m Added data to request queue. Queue length = 2
[90m2024-01-05T17:09:35.658Z[39m [32mDEBUG[39m [97m@wdio/browserstack-service[39m Added data to request queue. Queue length = 3
[90m2024-01-05T17:09:35.764Z[39m [32mDEBUG[39m [97m@wdio/browserstack-service[39m Added data to request queue. Queue length = 3
[90m2024-01-05T17:09:35.798Z[39m [32mDEBUG[39m [97m@wdio/browserstack-service[39m Sending data from request queue. Data length = 3, Queue length after removal = 0
[90m2024-01-05T17:09:35.945Z[39m [32mDEBUG[39m [97m@wdio/browserstack-service[39m [INTERVAL_QUEUE] Success response: {"success":true}
[90m2024-01-05T17:09:36.008Z[39m [32mDEBUG[39m [97m@wdio/browserstack-service[39m Added data to request queue. Queue length = 1
[90m2024-01-05T17:09:36.140Z[39m [32mDEBUG[39m [97m@wdio/browserstack-service[39m Sending data from request queue. Data length = 3, Queue length after removal = 0
[90m2024-01-05T17:09:36.222Z[39m [32mDEBUG[39m [97m@wdio/browserstack-service[39m Added data to request queue. Queue length = 1
[90m2024-01-05T17:09:36.289Z[39m [32mDEBUG[39m [97m@wdio/browserstack-service[39m [INTERVAL_QUEUE] Success response: {"success":true}
[90m2024-01-05T17:09:36.670Z[39m [32mDEBUG[39m [97m@wdio/browserstack-service[39m Added data to request queue. Queue length = 2
[90m2024-01-05T17:09:37.801Z[39m [32mDEBUG[39m [97m@wdio/browserstack-service[39m Sending data from request queue. Data length = 1, Queue length after removal = 0
[90m2024-01-05T17:09:37.944Z[39m [32mDEBUG[39m [97m@wdio/browserstack-service[39m [INTERVAL_QUEUE] Success response: {"success":true}
[90m2024-01-05T17:09:38.140Z[39m [32mDEBUG[39m [97m@wdio/browserstack-service[39m Sending data from request queue. Data length = 2, Queue length after removal = 0
[90m2024-01-05T17:09:38.186Z[39m [32mDEBUG[39m [97m@wdio/browserstack-service[39m Added data to request queue. Queue length = 1
[90m2024-01-05T17:09:38.289Z[39m [32mDEBUG[39m [97m@wdio/browserstack-service[39m [INTERVAL_QUEUE] Success response: {"success":true}
[90m2024-01-05T17:09:38.316Z[39m [32mDEBUG[39m [97m@wdio/browserstack-service[39m Added data to request queue. Queue length = 1
[90m2024-01-05T17:09:38.541Z[39m [32mDEBUG[39m [97m@wdio/browserstack-service[39m Added data to request queue. Queue length = 2
[90m2024-01-05T17:09:38.776Z[39m [32mDEBUG[39m [97m@wdio/browserstack-service[39m Added data to request queue. Queue length = 2
[90m2024-01-05T17:09:38.830Z[39m [32mDEBUG[39m [97m@wdio/browserstack-service[39m Added data to request queue. Queue length = 3
[90m2024-01-05T17:09:38.833Z[39m [96mINFO[39m [97m@wdio/browserstack-service[39m Update job with sessionId 0794b6ace5943301e3cdada920e98e6788df904f
[90m2024-01-05T17:09:38.833Z[39m [32mDEBUG[39m [97m@wdio/browserstack-service[39m Updating Browserstack session at https://api-cloud.browserstack.com/app-automate/sessions/0794b6ace5943301e3cdada920e98e6788df904f.json with request body: 
[90m2024-01-05T17:09:38.913Z[39m [32mDEBUG[39m [97m@wdio/browserstack-service[39m Added data to request queue. Queue length = 3
[90m2024-01-05T17:09:39.248Z[39m [32mDEBUG[39m [97m@wdio/browserstack-service[39m Added data to request queue. Queue length = 4
[90m2024-01-05T17:09:39.428Z[39m [32mDEBUG[39m [97m@wdio/browserstack-service[39m Shutting down request queue
[90m2024-01-05T17:09:39.653Z[39m [32mDEBUG[39m [97m@wdio/browserstack-service[39m [SHUTDOWN_QUEUE] Success response: {"success":true}
[90m2024-01-05T17:09:39.804Z[39m [32mDEBUG[39m [97m@wdio/browserstack-service[39m Sending data from request queue. Data length = 3, Queue length after removal = 0
[90m2024-01-05T17:09:39.962Z[39m [32mDEBUG[39m [97m@wdio/browserstack-service[39m [INTERVAL_QUEUE] Success response: {"success":true}
[90m2024-01-05T17:09:40.243Z[39m [32mDEBUG[39m [97m@wdio/browserstack-service[39m Added data to request queue. Queue length = 1
[90m2024-01-05T17:09:40.243Z[39m [32mDEBUG[39m [97m@wdio/browserstack-service[39m Force request-queue shutdown, as test run event is received after teardown
[90m2024-01-05T17:09:40.243Z[39m [32mDEBUG[39m [97m@wdio/browserstack-service[39m Resetting request queue
[90m2024-01-05T17:09:40.244Z[39m [32mDEBUG[39m [97m@wdio/browserstack-service[39m Sending data from request queue. Data length = 1, Queue length after removal = 0
[90m2024-01-05T17:09:41.099Z[39m [32mDEBUG[39m [97m@wdio/browserstack-service[39m Added data to request queue. Queue length = 1
[90m2024-01-05T17:09:41.464Z[39m [32mDEBUG[39m [97m@wdio/browserstack-service[39m Added data to request queue. Queue length = 2
[90m2024-01-05T17:09:41.814Z[39m [32mDEBUG[39m [97m@wdio/browserstack-service[39m Sending data from request queue. Data length = 2, Queue length after removal = 0
[90m2024-01-05T17:09:41.909Z[39m [32mDEBUG[39m [97m@wdio/browserstack-service[39m Added data to request queue. Queue length = 1
[90m2024-01-05T17:09:41.957Z[39m [32mDEBUG[39m [97m@wdio/browserstack-service[39m [INTERVAL_QUEUE] Success response: {"success":true}
[90m2024-01-05T17:09:43.828Z[39m [32mDEBUG[39m [97m@wdio/browserstack-service[39m Sending data from request queue. Data length = 1, Queue length after removal = 0
[90m2024-01-05T17:09:43.972Z[39m [32mDEBUG[39m [97m@wdio/browserstack-service[39m [INTERVAL_QUEUE] Success response: {"success":true}
[90m2024-01-05T17:09:44.083Z[39m [32mDEBUG[39m [97m@wdio/browserstack-service[39m Added data to request queue. Queue length = 1
[90m2024-01-05T17:09:44.581Z[39m [32mDEBUG[39m [97m@wdio/browserstack-service[39m Added data to request queue. Queue length = 2
[90m2024-01-05T17:09:44.993Z[39m [32mDEBUG[39m [97m@wdio/browserstack-service[39m Added data to request queue. Queue length = 3
[90m2024-01-05T17:09:45.835Z[39m [32mDEBUG[39m [97m@wdio/browserstack-service[39m Sending data from request queue. Data length = 3, Queue length after removal = 0
[90m2024-01-05T17:09:46.020Z[39m [32mDEBUG[39m [97m@wdio/browserstack-service[39m [INTERVAL_QUEUE] Success response: {"success":true}
[90m2024-01-05T17:09:46.291Z[39m [32mDEBUG[39m [97m@wdio/browserstack-service[39m Added data to request queue. Queue length = 1
[90m2024-01-05T17:09:47.837Z[39m [32mDEBUG[39m [97m@wdio/browserstack-service[39m Sending data from request queue. Data length = 1, Queue length after removal = 0
[90m2024-01-05T17:09:47.982Z[39m [32mDEBUG[39m [97m@wdio/browserstack-service[39m [INTERVAL_QUEUE] Success response: {"success":true}
[90m2024-01-05T17:09:51.457Z[39m [32mDEBUG[39m [97m@wdio/browserstack-service[39m Added data to request queue. Queue length = 1
[90m2024-01-05T17:09:51.863Z[39m [32mDEBUG[39m [97m@wdio/browserstack-service[39m Sending data from request queue. Data length = 1, Queue length after removal = 0
[90m2024-01-05T17:09:51.880Z[39m [32mDEBUG[39m [97m@wdio/browserstack-service[39m Added data to request queue. Queue length = 1
[90m2024-01-05T17:09:52.009Z[39m [32mDEBUG[39m [97m@wdio/browserstack-service[39m [INTERVAL_QUEUE] Success response: {"success":true}
[90m2024-01-05T17:09:52.400Z[39m [32mDEBUG[39m [97m@wdio/browserstack-service[39m Added data to request queue. Queue length = 2
[90m2024-01-05T17:09:53.875Z[39m [32mDEBUG[39m [97m@wdio/browserstack-service[39m Sending data from request queue. Data length = 2, Queue length after removal = 0
[90m2024-01-05T17:09:54.035Z[39m [32mDEBUG[39m [97m@wdio/browserstack-service[39m [INTERVAL_QUEUE] Success response: {"success":true}
[90m2024-01-05T17:09:57.845Z[39m [32mDEBUG[39m [97m@wdio/browserstack-service[39m Added data to request queue. Queue length = 1
[90m2024-01-05T17:09:57.895Z[39m [32mDEBUG[39m [97m@wdio/browserstack-service[39m Sending data from request queue. Data length = 1, Queue length after removal = 0
[90m2024-01-05T17:09:58.041Z[39m [32mDEBUG[39m [97m@wdio/browserstack-service[39m [INTERVAL_QUEUE] Success response: {"success":true}
[90m2024-01-05T17:09:58.289Z[39m [32mDEBUG[39m [97m@wdio/browserstack-service[39m Added data to request queue. Queue length = 1
[90m2024-01-05T17:09:59.231Z[39m [32mDEBUG[39m [97m@wdio/browserstack-service[39m Added data to request queue. Queue length = 2
[90m2024-01-05T17:09:59.909Z[39m [32mDEBUG[39m [97m@wdio/browserstack-service[39m Sending data from request queue. Data length = 2, Queue length after removal = 0
[90m2024-01-05T17:10:00.054Z[39m [32mDEBUG[39m [97m@wdio/browserstack-service[39m [INTERVAL_QUEUE] Success response: {"success":true}
[90m2024-01-05T17:10:00.197Z[39m [32mDEBUG[39m [97m@wdio/browserstack-service[39m Added data to request queue. Queue length = 1
[90m2024-01-05T17:10:01.225Z[39m [32mDEBUG[39m [97m@wdio/browserstack-service[39m Added data to request queue. Queue length = 2
[90m2024-01-05T17:10:01.910Z[39m [32mDEBUG[39m [97m@wdio/browserstack-service[39m Sending data from request queue. Data length = 2, Queue length after removal = 0
[90m2024-01-05T17:10:02.053Z[39m [32mDEBUG[39m [97m@wdio/browserstack-service[39m [INTERVAL_QUEUE] Success response: {"success":true}
[90m2024-01-05T17:10:02.157Z[39m [32mDEBUG[39m [97m@wdio/browserstack-service[39m Added data to request queue. Queue length = 1
[90m2024-01-05T17:10:03.104Z[39m [32mDEBUG[39m [97m@wdio/browserstack-service[39m Added data to request queue. Queue length = 2
[90m2024-01-05T17:10:03.911Z[39m [32mDEBUG[39m [97m@wdio/browserstack-service[39m Sending data from request queue. Data length = 2, Queue length after removal = 0
[90m2024-01-05T17:10:04.113Z[39m [32mDEBUG[39m [97m@wdio/browserstack-service[39m Added data to request queue. Queue length = 1
[90m2024-01-05T17:10:04.126Z[39m [32mDEBUG[39m [97m@wdio/browserstack-service[39m [INTERVAL_QUEUE] Success response: {"success":true}
[90m2024-01-05T17:10:05.041Z[39m [32mDEBUG[39m [97m@wdio/browserstack-service[39m Added data to request queue. Queue length = 2
[90m2024-01-05T17:10:05.916Z[39m [32mDEBUG[39m [97m@wdio/browserstack-service[39m Sending data from request queue. Data length = 2, Queue length after removal = 0
[90m2024-01-05T17:10:05.984Z[39m [32mDEBUG[39m [97m@wdio/browserstack-service[39m Added data to request queue. Queue length = 1
[90m2024-01-05T17:10:06.063Z[39m [32mDEBUG[39m [97m@wdio/browserstack-service[39m [INTERVAL_QUEUE] Success response: {"success":true}
[90m2024-01-05T17:10:06.908Z[39m [32mDEBUG[39m [97m@wdio/browserstack-service[39m Added data to request queue. Queue length = 2
[90m2024-01-05T17:10:07.862Z[39m [32mDEBUG[39m [97m@wdio/browserstack-service[39m Added data to request queue. Queue length = 3
[90m2024-01-05T17:10:07.926Z[39m [32mDEBUG[39m [97m@wdio/browserstack-service[39m Sending data from request queue. Data length = 3, Queue length after removal = 0
[90m2024-01-05T17:10:08.071Z[39m [32mDEBUG[39m [97m@wdio/browserstack-service[39m [INTERVAL_QUEUE] Success response: {"success":true}
[90m2024-01-05T17:10:08.538Z[39m [32mDEBUG[39m [97m@wdio/browserstack-service[39m Added data to request queue. Queue length = 1
[90m2024-01-05T17:10:08.885Z[39m [32mDEBUG[39m [97m@wdio/browserstack-service[39m Added data to request queue. Queue length = 2
[90m2024-01-05T17:10:09.306Z[39m [32mDEBUG[39m [97m@wdio/browserstack-service[39m Added data to request queue. Queue length = 3
[90m2024-01-05T17:10:09.709Z[39m [32mDEBUG[39m [97m@wdio/browserstack-service[39m Added data to request queue. Queue length = 4
[90m2024-01-05T17:10:09.927Z[39m [32mDEBUG[39m [97m@wdio/browserstack-service[39m Sending data from request queue. Data length = 4, Queue length after removal = 0
[90m2024-01-05T17:10:10.071Z[39m [32mDEBUG[39m [97m@wdio/browserstack-service[39m [INTERVAL_QUEUE] Success response: {"success":true}
[90m2024-01-05T17:10:10.091Z[39m [32mDEBUG[39m [97m@wdio/browserstack-service[39m Added data to request queue. Queue length = 1
[90m2024-01-05T17:10:11.929Z[39m [32mDEBUG[39m [97m@wdio/browserstack-service[39m Sending data from request queue. Data length = 1, Queue length after removal = 0
[90m2024-01-05T17:10:12.074Z[39m [32mDEBUG[39m [97m@wdio/browserstack-service[39m [INTERVAL_QUEUE] Success response: {"success":true}
[90m2024-01-05T17:10:12.250Z[39m [32mDEBUG[39m [97m@wdio/browserstack-service[39m Added data to request queue. Queue length = 1
[90m2024-01-05T17:10:12.753Z[39m [32mDEBUG[39m [97m@wdio/browserstack-service[39m Added data to request queue. Queue length = 2
[90m2024-01-05T17:10:13.304Z[39m [32mDEBUG[39m [97m@wdio/browserstack-service[39m Added data to request queue. Queue length = 3
[90m2024-01-05T17:10:13.815Z[39m [32mDEBUG[39m [97m@wdio/browserstack-service[39m Added data to request queue. Queue length = 4
[90m2024-01-05T17:10:13.935Z[39m [32mDEBUG[39m [97m@wdio/browserstack-service[39m Sending data from request queue. Data length = 4, Queue length after removal = 0
[90m2024-01-05T17:10:14.080Z[39m [32mDEBUG[39m [97m@wdio/browserstack-service[39m [INTERVAL_QUEUE] Success response: {"success":true}
[90m2024-01-05T17:10:14.386Z[39m [32mDEBUG[39m [97m@wdio/browserstack-service[39m Added data to request queue. Queue length = 1
[90m2024-01-05T17:10:14.858Z[39m [32mDEBUG[39m [97m@wdio/browserstack-service[39m Added data to request queue. Queue length = 2
[90m2024-01-05T17:10:15.303Z[39m [32mDEBUG[39m [97m@wdio/browserstack-service[39m Added data to request queue. Queue length = 3
[90m2024-01-05T17:10:15.845Z[39m [32mDEBUG[39m [97m@wdio/browserstack-service[39m Added data to request queue. Queue length = 4
[90m2024-01-05T17:10:15.949Z[39m [32mDEBUG[39m [97m@wdio/browserstack-service[39m Sending data from request queue. Data length = 4, Queue length after removal = 0
[90m2024-01-05T17:10:16.094Z[39m [32mDEBUG[39m [97m@wdio/browserstack-service[39m [INTERVAL_QUEUE] Success response: {"success":true}
[90m2024-01-05T17:10:16.324Z[39m [32mDEBUG[39m [97m@wdio/browserstack-service[39m Added data to request queue. Queue length = 1
[90m2024-01-05T17:10:16.778Z[39m [32mDEBUG[39m [97m@wdio/browserstack-service[39m Added data to request queue. Queue length = 2
[90m2024-01-05T17:10:17.261Z[39m [32mDEBUG[39m [97m@wdio/browserstack-service[39m Added data to request queue. Queue length = 3
[90m2024-01-05T17:10:17.738Z[39m [32mDEBUG[39m [97m@wdio/browserstack-service[39m Added data to request queue. Queue length = 4
[90m2024-01-05T17:10:17.960Z[39m [32mDEBUG[39m [97m@wdio/browserstack-service[39m Sending data from request queue. Data length = 4, Queue length after removal = 0
[90m2024-01-05T17:10:18.105Z[39m [32mDEBUG[39m [97m@wdio/browserstack-service[39m [INTERVAL_QUEUE] Success response: {"success":true}
[90m2024-01-05T17:10:18.234Z[39m [32mDEBUG[39m [97m@wdio/browserstack-service[39m Added data to request queue. Queue length = 1
[90m2024-01-05T17:10:18.735Z[39m [32mDEBUG[39m [97m@wdio/browserstack-service[39m Added data to request queue. Queue length = 2
[90m2024-01-05T17:10:19.239Z[39m [32mDEBUG[39m [97m@wdio/browserstack-service[39m Added data to request queue. Queue length = 3
[90m2024-01-05T17:10:19.704Z[39m [32mDEBUG[39m [97m@wdio/browserstack-service[39m Added data to request queue. Queue length = 4
[90m2024-01-05T17:10:19.965Z[39m [32mDEBUG[39m [97m@wdio/browserstack-service[39m Sending data from request queue. Data length = 4, Queue length after removal = 0
[90m2024-01-05T17:10:20.108Z[39m [32mDEBUG[39m [97m@wdio/browserstack-service[39m [INTERVAL_QUEUE] Success response: {"success":true}
[90m2024-01-05T17:10:20.308Z[39m [32mDEBUG[39m [97m@wdio/browserstack-service[39m Added data to request queue. Queue length = 1
[90m2024-01-05T17:10:20.763Z[39m [32mDEBUG[39m [97m@wdio/browserstack-service[39m Added data to request queue. Queue length = 2
[90m2024-01-05T17:10:21.292Z[39m [32mDEBUG[39m [97m@wdio/browserstack-service[39m Added data to request queue. Queue length = 3
[90m2024-01-05T17:10:21.733Z[39m [32mDEBUG[39m [97m@wdio/browserstack-service[39m Added data to request queue. Queue length = 4
[90m2024-01-05T17:10:21.970Z[39m [32mDEBUG[39m [97m@wdio/browserstack-service[39m Sending data from request queue. Data length = 4, Queue length after removal = 0
[90m2024-01-05T17:10:22.115Z[39m [32mDEBUG[39m [97m@wdio/browserstack-service[39m [INTERVAL_QUEUE] Success response: {"success":true}
[90m2024-01-05T17:10:22.324Z[39m [32mDEBUG[39m [97m@wdio/browserstack-service[39m Added data to request queue. Queue length = 1
[90m2024-01-05T17:10:22.750Z[39m [32mDEBUG[39m [97m@wdio/browserstack-service[39m Added data to request queue. Queue length = 2
[90m2024-01-05T17:10:22.802Z[39m [32mDEBUG[39m [97m@wdio/browserstack-service[39m Added data to request queue. Queue length = 3
[90m2024-01-05T17:10:22.808Z[39m [32mDEBUG[39m [97m@wdio/browserstack-service[39m Added data to request queue. Queue length = 4
[90m2024-01-05T17:10:22.963Z[39m [32mDEBUG[39m [97m@wdio/browserstack-service[39m Added data to request queue. Queue length = 5
[90m2024-01-05T17:10:23.119Z[39m [32mDEBUG[39m [97m@wdio/browserstack-service[39m Added data to request queue. Queue length = 6
[90m2024-01-05T17:10:23.536Z[39m [32mDEBUG[39m [97m@wdio/browserstack-service[39m Added data to request queue. Queue length = 7
[90m2024-01-05T17:10:23.977Z[39m [32mDEBUG[39m [97m@wdio/browserstack-service[39m Sending data from request queue. Data length = 7, Queue length after removal = 0
[90m2024-01-05T17:10:24.050Z[39m [32mDEBUG[39m [97m@wdio/browserstack-service[39m Added data to request queue. Queue length = 1
[90m2024-01-05T17:10:24.122Z[39m [32mDEBUG[39m [97m@wdio/browserstack-service[39m [INTERVAL_QUEUE] Success response: {"success":true}
[90m2024-01-05T17:10:24.488Z[39m [32mDEBUG[39m [97m@wdio/browserstack-service[39m Added data to request queue. Queue length = 2
[90m2024-01-05T17:10:25.025Z[39m [32mDEBUG[39m [97m@wdio/browserstack-service[39m Added data to request queue. Queue length = 3
[90m2024-01-05T17:10:25.497Z[39m [32mDEBUG[39m [97m@wdio/browserstack-service[39m Added data to request queue. Queue length = 4
[90m2024-01-05T17:10:25.953Z[39m [32mDEBUG[39m [97m@wdio/browserstack-service[39m Added data to request queue. Queue length = 5
[90m2024-01-05T17:10:25.986Z[39m [32mDEBUG[39m [97m@wdio/browserstack-service[39m Sending data from request queue. Data length = 5, Queue length after removal = 0
[90m2024-01-05T17:10:26.132Z[39m [32mDEBUG[39m [97m@wdio/browserstack-service[39m [INTERVAL_QUEUE] Success response: {"success":true}
[90m2024-01-05T17:10:26.440Z[39m [32mDEBUG[39m [97m@wdio/browserstack-service[39m Added data to request queue. Queue length = 1
[90m2024-01-05T17:10:26.958Z[39m [32mDEBUG[39m [97m@wdio/browserstack-service[39m Added data to request queue. Queue length = 2
[90m2024-01-05T17:10:27.580Z[39m [32mDEBUG[39m [97m@wdio/browserstack-service[39m Added data to request queue. Queue length = 3
[90m2024-01-05T17:10:27.971Z[39m [32mDEBUG[39m [97m@wdio/browserstack-service[39m Added data to request queue. Queue length = 4
[90m2024-01-05T17:10:27.990Z[39m [32mDEBUG[39m [97m@wdio/browserstack-service[39m Sending data from request queue. Data length = 4, Queue length after removal = 0
[90m2024-01-05T17:10:28.133Z[39m [32mDEBUG[39m [97m@wdio/browserstack-service[39m [INTERVAL_QUEUE] Success response: {"success":true}
[90m2024-01-05T17:10:28.477Z[39m [32mDEBUG[39m [97m@wdio/browserstack-service[39m Added data to request queue. Queue length = 1
[90m2024-01-05T17:10:29.011Z[39m [32mDEBUG[39m [97m@wdio/browserstack-service[39m Added data to request queue. Queue length = 2
[90m2024-01-05T17:10:29.486Z[39m [32mDEBUG[39m [97m@wdio/browserstack-service[39m Added data to request queue. Queue length = 3
[90m2024-01-05T17:10:29.956Z[39m [32mDEBUG[39m [97m@wdio/browserstack-service[39m Added data to request queue. Queue length = 4
[90m2024-01-05T17:10:30.000Z[39m [32mDEBUG[39m [97m@wdio/browserstack-service[39m Sending data from request queue. Data length = 4, Queue length after removal = 0
[90m2024-01-05T17:10:30.144Z[39m [32mDEBUG[39m [97m@wdio/browserstack-service[39m [INTERVAL_QUEUE] Success response: {"success":true}
[90m2024-01-05T17:10:30.466Z[39m [32mDEBUG[39m [97m@wdio/browserstack-service[39m Added data to request queue. Queue length = 1
[90m2024-01-05T17:10:30.959Z[39m [32mDEBUG[39m [97m@wdio/browserstack-service[39m Added data to request queue. Queue length = 2
[90m2024-01-05T17:10:31.438Z[39m [32mDEBUG[39m [97m@wdio/browserstack-service[39m Added data to request queue. Queue length = 3
[90m2024-01-05T17:10:31.947Z[39m [32mDEBUG[39m [97m@wdio/browserstack-service[39m Added data to request queue. Queue length = 4
[90m2024-01-05T17:10:32.008Z[39m [32mDEBUG[39m [97m@wdio/browserstack-service[39m Sending data from request queue. Data length = 4, Queue length after removal = 0
[90m2024-01-05T17:10:32.152Z[39m [32mDEBUG[39m [97m@wdio/browserstack-service[39m [INTERVAL_QUEUE] Success response: {"success":true}
[90m2024-01-05T17:10:32.469Z[39m [32mDEBUG[39m [97m@wdio/browserstack-service[39m Added data to request queue. Queue length = 1
[90m2024-01-05T17:10:33.159Z[39m [32mDEBUG[39m [97m@wdio/browserstack-service[39m Added data to request queue. Queue length = 2
[90m2024-01-05T17:10:33.568Z[39m [32mDEBUG[39m [97m@wdio/browserstack-service[39m Added data to request queue. Queue length = 3
[90m2024-01-05T17:10:33.571Z[39m [96mINFO[39m [97m@wdio/browserstack-service[39m Update job with sessionId 42165703c722b949b21c1ffab699a6d3088acd04
[90m2024-01-05T17:10:33.572Z[39m [32mDEBUG[39m [97m@wdio/browserstack-service[39m Updating Browserstack session at https://api-cloud.browserstack.com/app-automate/sessions/42165703c722b949b21c1ffab699a6d3088acd04.json with request body: 
[90m2024-01-05T17:10:33.588Z[39m [32mDEBUG[39m [97m@wdio/browserstack-service[39m Added data to request queue. Queue length = 4
[90m2024-01-05T17:10:34.022Z[39m [32mDEBUG[39m [97m@wdio/browserstack-service[39m Sending data from request queue. Data length = 4, Queue length after removal = 0
[90m2024-01-05T17:10:34.170Z[39m [32mDEBUG[39m [97m@wdio/browserstack-service[39m [INTERVAL_QUEUE] Success response: {"success":true}
[90m2024-01-05T17:10:34.557Z[39m [32mDEBUG[39m [97m@wdio/browserstack-service[39m Shutting down request queue
[90m2024-01-05T17:10:35.216Z[39m [32mDEBUG[39m [97m@wdio/browserstack-service[39m Added data to request queue. Queue length = 1
[90m2024-01-05T17:10:35.216Z[39m [32mDEBUG[39m [97m@wdio/browserstack-service[39m Force request-queue shutdown, as test run event is received after teardown
[90m2024-01-05T17:10:35.216Z[39m [32mDEBUG[39m [97m@wdio/browserstack-service[39m Resetting request queue
[90m2024-01-05T17:10:35.216Z[39m [32mDEBUG[39m [97m@wdio/browserstack-service[39m Sending data from request queue. Data length = 1, Queue length after removal = 0
[90m2024-01-05T17:10:35.375Z[39m [32mDEBUG[39m [97m@wdio/browserstack-service[39m Inside OnComplete hook..
[90m2024-01-05T17:10:35.375Z[39m [32mDEBUG[39m [97m@wdio/browserstack-service[39m Sending stop launch event
[90m2024-01-05T17:10:35.860Z[39m [32mDEBUG[39m [97m@wdio/browserstack-service[39m [STOP_BUILD] Success response: ""
[90m2024-01-05T17:10:36.795Z[39m [32mDEBUG[39m [97m@wdio/browserstack-service[39m Response - {
  status: 'success',
  message: 'Logs upload successful in file - logs.gz'
}
